<?xml version="1.0" encoding="UTF-8"?>
<!-- Generated by org.testng.reporters.JUnitReportReporter -->
<testsuite hostname="DESKTOP-RDTSFOS" failures="0" tests="1" name="TestClasses.testApplication" time="15.722" errors="0" timestamp="2022-08-14T17:29:42 IST" skipped="0">
  <testcase classname="TestClasses.testApplication" name="login" time="15.722"/>
  <system-out/>
</testsuite> <!-- TestClasses.testApplication -->
