<?xml version="1.0" encoding="UTF-8"?>
<!-- Generated by org.testng.reporters.JUnitReportReporter -->
<testsuite hostname="DESKTOP-RDTSFOS" failures="0" tests="1" name="PageFactory.facebookLogin" time="4.297" errors="0" timestamp="2022-08-14T13:31:09 IST" skipped="0">
  <testcase classname="PageFactory.facebookLogin" name="FacebookAutomation" time="4.297"/>
  <system-out/>
</testsuite> <!-- PageFactory.facebookLogin -->
